debug: Thu, 25 Jan 2024 08:11:11 GMT
debug: Project: D:\SharderTest\demo\Creator3.0.0_2D_Sprite_GaussianBlur
debug: Targets: editor,preview
debug: Packer deriver version file lost or format incorrect: Error: ENOENT: no such file or directory, open 'D:\SharderTest\demo\Creator3.0.0_2D_Sprite_GaussianBlur\temp\programming\packer-driver\VERSION'
debug: Clearing out the targets...
debug: Engine path: C:\ProgramData\cocos\editors\Creator\3.0.0\resources\resources\3d\engine
debug: Initializing target [Editor]
debug: Loading cache
debug: Module record file loaded failed with error: Error: ENOENT: no such file or directory, open 'D:\SharderTest\demo\Creator3.0.0_2D_Sprite_GaussianBlur\temp\programming\packer-driver\targets\editor\modules.json'
debug: Loading cache costs 0.4061000347137451ms.
debug: Engine features shipped in editor: base,gfx-webgl,gfx-webgl2,3d,2d,ui,particle,particle-2d,physics-framework,physics-2d-framework,intersection-2d,primitive,profiler,audio,video,terrain,webview,tween,tiled-map,spine,dragon-bones
debug: Initializing target [Preview]
debug: Loading cache
debug: Module record file loaded failed with error: Error: ENOENT: no such file or directory, open 'D:\SharderTest\demo\Creator3.0.0_2D_Sprite_GaussianBlur\temp\programming\packer-driver\targets\preview\modules.json'
debug: Loading cache costs 0.35050010681152344ms.
debug: Sync engine features: base,gfx-webgl,gfx-webgl2,3d,2d,ui,particle,physics-ammo,physics-2d-box2d,intersection-2d,primitive,profiler,particle-2d,audio,video,webview,tween,terrain,tiled-map,spine,dragon-bones
debug: Pulling asset-db.
debug: Fetch asset-db cost: 5.023399114608765ms.
debug: Build iteration starts.
Number of accumulated asset changes: 1
Feature changed: false
debug: Target(editor) build started.
debug: Inspect cce:/internal/x/cc
debug: Resolve cce:/internal/x/cc-fu/base from cce:/internal/x/cc as external dependency cce:/internal/x/cc-fu/base.
debug: Resolve cce:/internal/x/cc-fu/gfx-webgl from cce:/internal/x/cc as external dependency cce:/internal/x/cc-fu/gfx-webgl.
debug: Resolve cce:/internal/x/cc-fu/gfx-webgl2 from cce:/internal/x/cc as external dependency cce:/internal/x/cc-fu/gfx-webgl2.
debug: Resolve cce:/internal/x/cc-fu/3d from cce:/internal/x/cc as external dependency cce:/internal/x/cc-fu/3d.
debug: Resolve cce:/internal/x/cc-fu/2d from cce:/internal/x/cc as external dependency cce:/internal/x/cc-fu/2d.
debug: Resolve cce:/internal/x/cc-fu/ui from cce:/internal/x/cc as external dependency cce:/internal/x/cc-fu/ui.
debug: Resolve cce:/internal/x/cc-fu/particle from cce:/internal/x/cc as external dependency cce:/internal/x/cc-fu/particle.
debug: Resolve cce:/internal/x/cc-fu/particle-2d from cce:/internal/x/cc as external dependency cce:/internal/x/cc-fu/particle-2d.
debug: Resolve cce:/internal/x/cc-fu/physics-framework from cce:/internal/x/cc as external dependency cce:/internal/x/cc-fu/physics-framework.
debug: Resolve cce:/internal/x/cc-fu/physics-2d-framework from cce:/internal/x/cc as external dependency cce:/internal/x/cc-fu/physics-2d-framework.
debug: Resolve cce:/internal/x/cc-fu/intersection-2d from cce:/internal/x/cc as external dependency cce:/internal/x/cc-fu/intersection-2d.
debug: Resolve cce:/internal/x/cc-fu/primitive from cce:/internal/x/cc as external dependency cce:/internal/x/cc-fu/primitive.
debug: Resolve cce:/internal/x/cc-fu/profiler from cce:/internal/x/cc as external dependency cce:/internal/x/cc-fu/profiler.
debug: Resolve cce:/internal/x/cc-fu/audio from cce:/internal/x/cc as external dependency cce:/internal/x/cc-fu/audio.
debug: Resolve cce:/internal/x/cc-fu/video from cce:/internal/x/cc as external dependency cce:/internal/x/cc-fu/video.
debug: Resolve cce:/internal/x/cc-fu/terrain from cce:/internal/x/cc as external dependency cce:/internal/x/cc-fu/terrain.
debug: Resolve cce:/internal/x/cc-fu/webview from cce:/internal/x/cc as external dependency cce:/internal/x/cc-fu/webview.
debug: Resolve cce:/internal/x/cc-fu/tween from cce:/internal/x/cc as external dependency cce:/internal/x/cc-fu/tween.
debug: Resolve cce:/internal/x/cc-fu/tiled-map from cce:/internal/x/cc as external dependency cce:/internal/x/cc-fu/tiled-map.
debug: Resolve cce:/internal/x/cc-fu/spine from cce:/internal/x/cc as external dependency cce:/internal/x/cc-fu/spine.
debug: Resolve cce:/internal/x/cc-fu/dragon-bones from cce:/internal/x/cc as external dependency cce:/internal/x/cc-fu/dragon-bones.
debug: Inspect cce:/internal/x/prerequisite-imports
debug: Resolve file:///D:/SharderTest/demo/Creator3.0.0_2D_Sprite_GaussianBlur/assets/script/GaussianBlur.ts from cce:/internal/x/prerequisite-imports as file:///D:/SharderTest/demo/Creator3.0.0_2D_Sprite_GaussianBlur/assets/script/GaussianBlur.ts.
debug: Inspect file:///D:/SharderTest/demo/Creator3.0.0_2D_Sprite_GaussianBlur/assets/script/GaussianBlur.ts
debug: Resolve cc from file:///D:/SharderTest/demo/Creator3.0.0_2D_Sprite_GaussianBlur/assets/script/GaussianBlur.ts as cce:/internal/x/cc.
debug: Resolve cc from file:///D:/SharderTest/demo/Creator3.0.0_2D_Sprite_GaussianBlur/assets/script/GaussianBlur.ts as cce:/internal/x/cc.
debug: Target(editor) ends with cost 212.9953010082245ms.
debug: Target(preview) build started.
debug: Inspect cce:/internal/x/cc
debug: Resolve cce:/internal/x/cc-fu/base from cce:/internal/x/cc as external dependency cce:/internal/x/cc-fu/base.
debug: Resolve cce:/internal/x/cc-fu/gfx-webgl from cce:/internal/x/cc as external dependency cce:/internal/x/cc-fu/gfx-webgl.
debug: Resolve cce:/internal/x/cc-fu/gfx-webgl2 from cce:/internal/x/cc as external dependency cce:/internal/x/cc-fu/gfx-webgl2.
debug: Resolve cce:/internal/x/cc-fu/3d from cce:/internal/x/cc as external dependency cce:/internal/x/cc-fu/3d.
debug: Resolve cce:/internal/x/cc-fu/2d from cce:/internal/x/cc as external dependency cce:/internal/x/cc-fu/2d.
debug: Resolve cce:/internal/x/cc-fu/ui from cce:/internal/x/cc as external dependency cce:/internal/x/cc-fu/ui.
debug: Resolve cce:/internal/x/cc-fu/particle from cce:/internal/x/cc as external dependency cce:/internal/x/cc-fu/particle.
debug: Resolve cce:/internal/x/cc-fu/physics-ammo from cce:/internal/x/cc as external dependency cce:/internal/x/cc-fu/physics-ammo.
debug: Resolve cce:/internal/x/cc-fu/physics-framework from cce:/internal/x/cc as external dependency cce:/internal/x/cc-fu/physics-framework.
debug: Resolve cce:/internal/x/cc-fu/wait-for-ammo-instantiation from cce:/internal/x/cc as external dependency cce:/internal/x/cc-fu/wait-for-ammo-instantiation.
debug: Resolve cce:/internal/x/cc-fu/physics-2d-box2d from cce:/internal/x/cc as external dependency cce:/internal/x/cc-fu/physics-2d-box2d.
debug: Resolve cce:/internal/x/cc-fu/physics-2d-framework from cce:/internal/x/cc as external dependency cce:/internal/x/cc-fu/physics-2d-framework.
debug: Resolve cce:/internal/x/cc-fu/intersection-2d from cce:/internal/x/cc as external dependency cce:/internal/x/cc-fu/intersection-2d.
debug: Resolve cce:/internal/x/cc-fu/primitive from cce:/internal/x/cc as external dependency cce:/internal/x/cc-fu/primitive.
debug: Resolve cce:/internal/x/cc-fu/profiler from cce:/internal/x/cc as external dependency cce:/internal/x/cc-fu/profiler.
debug: Resolve cce:/internal/x/cc-fu/particle-2d from cce:/internal/x/cc as external dependency cce:/internal/x/cc-fu/particle-2d.
debug: Resolve cce:/internal/x/cc-fu/audio from cce:/internal/x/cc as external dependency cce:/internal/x/cc-fu/audio.
debug: Resolve cce:/internal/x/cc-fu/video from cce:/internal/x/cc as external dependency cce:/internal/x/cc-fu/video.
debug: Resolve cce:/internal/x/cc-fu/webview from cce:/internal/x/cc as external dependency cce:/internal/x/cc-fu/webview.
debug: Resolve cce:/internal/x/cc-fu/tween from cce:/internal/x/cc as external dependency cce:/internal/x/cc-fu/tween.
debug: Resolve cce:/internal/x/cc-fu/terrain from cce:/internal/x/cc as external dependency cce:/internal/x/cc-fu/terrain.
debug: Resolve cce:/internal/x/cc-fu/tiled-map from cce:/internal/x/cc as external dependency cce:/internal/x/cc-fu/tiled-map.
debug: Resolve cce:/internal/x/cc-fu/spine from cce:/internal/x/cc as external dependency cce:/internal/x/cc-fu/spine.
debug: Resolve cce:/internal/x/cc-fu/dragon-bones from cce:/internal/x/cc as external dependency cce:/internal/x/cc-fu/dragon-bones.
debug: Inspect cce:/internal/x/prerequisite-imports
debug: Resolve file:///D:/SharderTest/demo/Creator3.0.0_2D_Sprite_GaussianBlur/assets/script/GaussianBlur.ts from cce:/internal/x/prerequisite-imports as file:///D:/SharderTest/demo/Creator3.0.0_2D_Sprite_GaussianBlur/assets/script/GaussianBlur.ts.
debug: Inspect file:///D:/SharderTest/demo/Creator3.0.0_2D_Sprite_GaussianBlur/assets/script/GaussianBlur.ts
debug: Resolve cc from file:///D:/SharderTest/demo/Creator3.0.0_2D_Sprite_GaussianBlur/assets/script/GaussianBlur.ts as cce:/internal/x/cc.
debug: Resolve cc from file:///D:/SharderTest/demo/Creator3.0.0_2D_Sprite_GaussianBlur/assets/script/GaussianBlur.ts as cce:/internal/x/cc.
debug: Target(preview) ends with cost 81.92179989814758ms.
debug: Dispatch build request for time accumulated 1 asset changes.
debug: Build iteration starts.
Number of accumulated asset changes: 1
Feature changed: false
debug: Target(editor) build started.
debug: Detected change: cce:/internal/x/prerequisite-imports. Last mtime: Thu Jan 01 1970 08:00:09 GMT+0800 (台北標準時間), Current mtime: Thu Jan 01 1970 08:26:50 GMT+0800 (台北標準時間)
debug: Inspect cce:/internal/x/prerequisite-imports
debug: Resolve file:///D:/SharderTest/demo/Creator3.0.0_2D_Sprite_GaussianBlur/assets/script/GaussianBlur.ts from cce:/internal/x/prerequisite-imports as file:///D:/SharderTest/demo/Creator3.0.0_2D_Sprite_GaussianBlur/assets/script/GaussianBlur.ts.
debug: Detected change: file:///D:/SharderTest/demo/Creator3.0.0_2D_Sprite_GaussianBlur/assets/script/GaussianBlur.ts. Last mtime: Thu Jan 25 2024 16:05:03 GMT+0800 (台北標準時間), Current mtime: Thu Jan 25 2024 16:37:52 GMT+0800 (台北標準時間)
debug: Inspect file:///D:/SharderTest/demo/Creator3.0.0_2D_Sprite_GaussianBlur/assets/script/GaussianBlur.ts
debug: Resolve cc from file:///D:/SharderTest/demo/Creator3.0.0_2D_Sprite_GaussianBlur/assets/script/GaussianBlur.ts as cce:/internal/x/cc.
debug: Resolve cc from file:///D:/SharderTest/demo/Creator3.0.0_2D_Sprite_GaussianBlur/assets/script/GaussianBlur.ts as cce:/internal/x/cc.
debug: Target(editor) ends with cost 63.59609889984131ms.
debug: Target(preview) build started.
debug: Detected change: cce:/internal/x/prerequisite-imports. Last mtime: Thu Jan 01 1970 08:00:09 GMT+0800 (台北標準時間), Current mtime: Thu Jan 01 1970 08:26:50 GMT+0800 (台北標準時間)
debug: Inspect cce:/internal/x/prerequisite-imports
debug: Resolve file:///D:/SharderTest/demo/Creator3.0.0_2D_Sprite_GaussianBlur/assets/script/GaussianBlur.ts from cce:/internal/x/prerequisite-imports as file:///D:/SharderTest/demo/Creator3.0.0_2D_Sprite_GaussianBlur/assets/script/GaussianBlur.ts.
debug: Detected change: file:///D:/SharderTest/demo/Creator3.0.0_2D_Sprite_GaussianBlur/assets/script/GaussianBlur.ts. Last mtime: Thu Jan 25 2024 16:05:03 GMT+0800 (台北標準時間), Current mtime: Thu Jan 25 2024 16:37:52 GMT+0800 (台北標準時間)
debug: Inspect file:///D:/SharderTest/demo/Creator3.0.0_2D_Sprite_GaussianBlur/assets/script/GaussianBlur.ts
debug: Resolve cc from file:///D:/SharderTest/demo/Creator3.0.0_2D_Sprite_GaussianBlur/assets/script/GaussianBlur.ts as cce:/internal/x/cc.
debug: Resolve cc from file:///D:/SharderTest/demo/Creator3.0.0_2D_Sprite_GaussianBlur/assets/script/GaussianBlur.ts as cce:/internal/x/cc.
debug: Target(preview) ends with cost 99.20549988746643ms.
debug: Dispatch build request for time accumulated 1 asset changes.
debug: Build iteration starts.
Number of accumulated asset changes: 1
Feature changed: false
debug: Target(editor) build started.
debug: Detected change: cce:/internal/x/prerequisite-imports. Last mtime: Thu Jan 01 1970 08:26:50 GMT+0800 (台北標準時間), Current mtime: Fri Jan 02 1970 01:40:48 GMT+0800 (台北標準時間)
debug: Inspect cce:/internal/x/prerequisite-imports
debug: Resolve file:///D:/SharderTest/demo/Creator3.0.0_2D_Sprite_GaussianBlur/assets/script/GaussianBlur.ts from cce:/internal/x/prerequisite-imports as file:///D:/SharderTest/demo/Creator3.0.0_2D_Sprite_GaussianBlur/assets/script/GaussianBlur.ts.
debug: Detected change: file:///D:/SharderTest/demo/Creator3.0.0_2D_Sprite_GaussianBlur/assets/script/GaussianBlur.ts. Last mtime: Thu Jan 25 2024 16:37:52 GMT+0800 (台北標準時間), Current mtime: Fri Jan 26 2024 09:49:18 GMT+0800 (台北標準時間)
debug: Inspect file:///D:/SharderTest/demo/Creator3.0.0_2D_Sprite_GaussianBlur/assets/script/GaussianBlur.ts
debug: Resolve cc from file:///D:/SharderTest/demo/Creator3.0.0_2D_Sprite_GaussianBlur/assets/script/GaussianBlur.ts as cce:/internal/x/cc.
debug: Resolve cc from file:///D:/SharderTest/demo/Creator3.0.0_2D_Sprite_GaussianBlur/assets/script/GaussianBlur.ts as cce:/internal/x/cc.
debug: Target(editor) ends with cost 41.28749895095825ms.
debug: Target(preview) build started.
debug: Detected change: cce:/internal/x/prerequisite-imports. Last mtime: Thu Jan 01 1970 08:26:50 GMT+0800 (台北標準時間), Current mtime: Fri Jan 02 1970 01:40:48 GMT+0800 (台北標準時間)
debug: Inspect cce:/internal/x/prerequisite-imports
debug: Resolve file:///D:/SharderTest/demo/Creator3.0.0_2D_Sprite_GaussianBlur/assets/script/GaussianBlur.ts from cce:/internal/x/prerequisite-imports as file:///D:/SharderTest/demo/Creator3.0.0_2D_Sprite_GaussianBlur/assets/script/GaussianBlur.ts.
debug: Detected change: file:///D:/SharderTest/demo/Creator3.0.0_2D_Sprite_GaussianBlur/assets/script/GaussianBlur.ts. Last mtime: Thu Jan 25 2024 16:37:52 GMT+0800 (台北標準時間), Current mtime: Fri Jan 26 2024 09:49:18 GMT+0800 (台北標準時間)
debug: Inspect file:///D:/SharderTest/demo/Creator3.0.0_2D_Sprite_GaussianBlur/assets/script/GaussianBlur.ts
debug: Resolve cc from file:///D:/SharderTest/demo/Creator3.0.0_2D_Sprite_GaussianBlur/assets/script/GaussianBlur.ts as cce:/internal/x/cc.
debug: Resolve cc from file:///D:/SharderTest/demo/Creator3.0.0_2D_Sprite_GaussianBlur/assets/script/GaussianBlur.ts as cce:/internal/x/cc.
debug: Target(preview) ends with cost 58.47339916229248ms.
debug: Dispatch build request for time accumulated 1 asset changes.
debug: Build iteration starts.
Number of accumulated asset changes: 1
Feature changed: false
debug: Target(editor) build started.
debug: Detected change: cce:/internal/x/prerequisite-imports. Last mtime: Fri Jan 02 1970 01:40:48 GMT+0800 (台北標準時間), Current mtime: Fri Jan 02 1970 01:50:36 GMT+0800 (台北標準時間)
debug: Inspect cce:/internal/x/prerequisite-imports
debug: Resolve file:///D:/SharderTest/demo/Creator3.0.0_2D_Sprite_GaussianBlur/assets/script/GaussianBlur.ts from cce:/internal/x/prerequisite-imports as file:///D:/SharderTest/demo/Creator3.0.0_2D_Sprite_GaussianBlur/assets/script/GaussianBlur.ts.
debug: Detected change: file:///D:/SharderTest/demo/Creator3.0.0_2D_Sprite_GaussianBlur/assets/script/GaussianBlur.ts. Last mtime: Fri Jan 26 2024 09:49:18 GMT+0800 (台北標準時間), Current mtime: Fri Jan 26 2024 10:01:39 GMT+0800 (台北標準時間)
debug: Inspect file:///D:/SharderTest/demo/Creator3.0.0_2D_Sprite_GaussianBlur/assets/script/GaussianBlur.ts
debug: Resolve cc from file:///D:/SharderTest/demo/Creator3.0.0_2D_Sprite_GaussianBlur/assets/script/GaussianBlur.ts as cce:/internal/x/cc.
debug: Resolve cc from file:///D:/SharderTest/demo/Creator3.0.0_2D_Sprite_GaussianBlur/assets/script/GaussianBlur.ts as cce:/internal/x/cc.
debug: Target(editor) ends with cost 40.5528998374939ms.
debug: Target(preview) build started.
debug: Detected change: cce:/internal/x/prerequisite-imports. Last mtime: Fri Jan 02 1970 01:40:48 GMT+0800 (台北標準時間), Current mtime: Fri Jan 02 1970 01:50:36 GMT+0800 (台北標準時間)
debug: Inspect cce:/internal/x/prerequisite-imports
debug: Resolve file:///D:/SharderTest/demo/Creator3.0.0_2D_Sprite_GaussianBlur/assets/script/GaussianBlur.ts from cce:/internal/x/prerequisite-imports as file:///D:/SharderTest/demo/Creator3.0.0_2D_Sprite_GaussianBlur/assets/script/GaussianBlur.ts.
debug: Detected change: file:///D:/SharderTest/demo/Creator3.0.0_2D_Sprite_GaussianBlur/assets/script/GaussianBlur.ts. Last mtime: Fri Jan 26 2024 09:49:18 GMT+0800 (台北標準時間), Current mtime: Fri Jan 26 2024 10:01:39 GMT+0800 (台北標準時間)
debug: Inspect file:///D:/SharderTest/demo/Creator3.0.0_2D_Sprite_GaussianBlur/assets/script/GaussianBlur.ts
debug: Resolve cc from file:///D:/SharderTest/demo/Creator3.0.0_2D_Sprite_GaussianBlur/assets/script/GaussianBlur.ts as cce:/internal/x/cc.
debug: Resolve cc from file:///D:/SharderTest/demo/Creator3.0.0_2D_Sprite_GaussianBlur/assets/script/GaussianBlur.ts as cce:/internal/x/cc.
debug: Target(preview) ends with cost 58.503401041030884ms.
